Arguments: 
  /usr/local/bin/node /usr/local/Cellar/yarn/1.22.4/libexec/bin/yarn.js add bootstrap@4.5.0

PATH: 
  /usr/local/bin:/usr/bin:/bin:/usr/sbin:/sbin:/Library/Apple/usr/bin

Yarn version: 
  1.22.4

Node version: 
  10.15.0

Platform: 
  darwin x64

Trace: 
  Error: https://artifactory.globoi.com/artifactory/api/npm/npm-repos/bootstrap: ETIMEDOUT
      at Timeout._onTimeout (/usr/local/Cellar/yarn/1.22.4/libexec/lib/cli.js:141408:19)
      at ontimeout (timers.js:436:11)
      at tryOnTimeout (timers.js:300:5)
      at listOnTimeout (timers.js:263:5)
      at Timer.processTimers (timers.js:223:10)

npm manifest: 
  {
    "name": "confirmado",
    "version": "1.0.0",
    "description": "Gráfico para confirmacoes",
    "main": "index.js",
    "scripts": {
      "test": "echo \"Error: no test specified\" && exit 1"
    },
    "author": "",
    "license": "ISC"
  }

yarn manifest: 
  No manifest

Lockfile: 
  No lockfile
